Using pre-set license
Built from '2020.3/release' branch; Version is '2020.3.2f1 (8fd9074bf66c) revision 9427207'; Using compiler version '192528614'; Build Type 'Release'
OS: 'Windows 10 Home; OS build 19041.928; Version 2004; 64bit' Language: 'fr' Physical Memory: 32709 MB
BatchMode: 1, IsHumanControllingUs: 0, StartBugReporterOnCrash: 0, Is64bit: 1, IsPro: 0

 COMMAND LINE ARGUMENTS:
D:\Logiciels\Unity\2020.3.2f1\Editor\Unity.exe
-adb2
-batchMode
-noUpm
-name
AssetImportWorker0
-projectPath
D:/Repos/CybeRTS
-logFile
Logs/AssetImportWorker0.log
-srvPort
53853
Successfully changed project path to: D:/Repos/CybeRTS
D:/Repos/CybeRTS
Using Asset Import Pipeline V2.
Refreshing native plugins compatible for Editor in 39.84 ms, found 1 plugins.
Preloading 0 native plugins for Editor in 0.00 ms.
Initialize engine version: 2020.3.2f1 (8fd9074bf66c)
[Subsystems] Discovering subsystems at path D:/Logiciels/Unity/2020.3.2f1/Editor/Data/Resources/UnitySubsystems
[Subsystems] Discovering subsystems at path D:/Repos/CybeRTS/Assets
GfxDevice: creating device client; threaded=0
Direct3D:
    Version:  Direct3D 11.0 [level 11.1]
    Renderer: NVIDIA GeForce GTX 1060 6GB (ID=0x1c03)
    Vendor:   
    VRAM:     6052 MB
    Driver:   27.21.14.6611
Initialize mono
Mono path[0] = 'D:/Logiciels/Unity/2020.3.2f1/Editor/Data/Managed'
Mono path[1] = 'D:/Logiciels/Unity/2020.3.2f1/Editor/Data/MonoBleedingEdge/lib/mono/unityjit'
Mono config path = 'D:/Logiciels/Unity/2020.3.2f1/Editor/Data/MonoBleedingEdge/etc'
Using monoOptions --debugger-agent=transport=dt_socket,embedding=1,server=y,suspend=n,address=127.0.0.1:56032
Begin MonoManager ReloadAssembly
Registering precompiled unity dll's ...
Register platform support module: D:/Logiciels/Unity/2020.3.2f1/Editor/Data/PlaybackEngines/WindowsStandaloneSupport/UnityEditor.WindowsStandalone.Extensions.dll
Registered in 0.001802 seconds.
Native extension for WindowsStandalone target not found
Refreshing native plugins compatible for Editor in 32.93 ms, found 1 plugins.
Preloading 0 native plugins for Editor in 0.00 ms.
Invoked RoslynAnalysisRunner static constructor.
RoslynAnalysisRunner will not be running.
RoslynAnalysisRunner has terminated.
Mono: successfully reloaded assembly
- Completed reload, in  1.450 seconds
Platform modules already initialized, skipping
Registering precompiled user dll's ...
Registered in 0.001036 seconds.
Begin MonoManager ReloadAssembly
Native extension for WindowsStandalone target not found
Refreshing native plugins compatible for Editor in 34.44 ms, found 1 plugins.
Preloading 0 native plugins for Editor in 0.00 ms.
Invoked RoslynAnalysisRunner static constructor.
RoslynAnalysisRunner will not be running.
RoslynAnalysisRunner has terminated.
Mono: successfully reloaded assembly
- Completed reload, in  1.008 seconds
Platform modules already initialized, skipping
========================================================================
Worker process is ready to serve import requests
Launched and connected shader compiler UnityShaderCompiler.exe after 0.09 seconds
Refreshing native plugins compatible for Editor in 0.36 ms, found 1 plugins.
Preloading 0 native plugins for Editor in 0.00 ms.
Unloading 1823 Unused Serialized files (Serialized files now loaded: 0)
System memory in use before: 104.6 MB.
System memory in use after: 104.7 MB.

Unloading 18 unused Assets to reduce memory usage. Loaded Objects now: 2296.
Total: 2.941500 ms (FindLiveObjects: 0.277500 ms CreateObjectMapping: 0.110000 ms MarkObjects: 2.525900 ms  DeleteObjects: 0.026400 ms)

========================================================================
Received Import Request.
  path: Assets/Scripts/WebGenerator.cs
  artifactKey: Guid(3b20b6c417427e640af24cd7b9d0625d) Importer(815301076,1909f56bfc062723c751e8b465ee728b)
Start importing Assets/Scripts/WebGenerator.cs using Guid(3b20b6c417427e640af24cd7b9d0625d) Importer(815301076,1909f56bfc062723c751e8b465ee728b)  -> (artifact id: '3f30edf428f6ebab698861b836e89dd7') in 0.117851 seconds
  Import took 0.140652 seconds .

========================================================================
Received Import Request.
  Time since last request: 15.051981 seconds.
  path: Assets/Scripts/WebGenerator.cs
  artifactKey: Guid(3b20b6c417427e640af24cd7b9d0625d) Importer(815301076,1909f56bfc062723c751e8b465ee728b)
Start importing Assets/Scripts/WebGenerator.cs using Guid(3b20b6c417427e640af24cd7b9d0625d) Importer(815301076,1909f56bfc062723c751e8b465ee728b)  -> (artifact id: 'd2415f2a1f9fd3a1dc11ceefff014acb') in 0.002618 seconds
  Import took 0.017642 seconds .

========================================================================
Received Import Request.
  Time since last request: 8.499449 seconds.
  path: Assets/Scripts/WebGenerator.cs
  artifactKey: Guid(3b20b6c417427e640af24cd7b9d0625d) Importer(815301076,1909f56bfc062723c751e8b465ee728b)
Start importing Assets/Scripts/WebGenerator.cs using Guid(3b20b6c417427e640af24cd7b9d0625d) Importer(815301076,1909f56bfc062723c751e8b465ee728b)  -> (artifact id: 'cb210bdbf4868984b0a0a3ef19a3da51') in 0.002909 seconds
  Import took 0.046202 seconds .

========================================================================
Received Import Request.
  Time since last request: 7.200542 seconds.
  path: Assets/Scripts/WebGenerator.cs
  artifactKey: Guid(3b20b6c417427e640af24cd7b9d0625d) Importer(815301076,1909f56bfc062723c751e8b465ee728b)
Start importing Assets/Scripts/WebGenerator.cs using Guid(3b20b6c417427e640af24cd7b9d0625d) Importer(815301076,1909f56bfc062723c751e8b465ee728b)  -> (artifact id: 'cb807d21c9e9bdad5916128ebe1e1b68') in 0.002591 seconds
  Import took 0.007268 seconds .

========================================================================
Received Import Request.
  Time since last request: 32.668551 seconds.
  path: Assets/Scripts/WebGenerator.cs
  artifactKey: Guid(3b20b6c417427e640af24cd7b9d0625d) Importer(815301076,1909f56bfc062723c751e8b465ee728b)
Start importing Assets/Scripts/WebGenerator.cs using Guid(3b20b6c417427e640af24cd7b9d0625d) Importer(815301076,1909f56bfc062723c751e8b465ee728b)  -> (artifact id: 'd374e733c964599951af6bf8fa14fb82') in 0.002702 seconds
  Import took 0.039737 seconds .

========================================================================
Received Import Request.
  Time since last request: 7.083838 seconds.
  path: Assets/Scripts/WebGenerator.cs
  artifactKey: Guid(3b20b6c417427e640af24cd7b9d0625d) Importer(815301076,1909f56bfc062723c751e8b465ee728b)
Start importing Assets/Scripts/WebGenerator.cs using Guid(3b20b6c417427e640af24cd7b9d0625d) Importer(815301076,1909f56bfc062723c751e8b465ee728b)  -> (artifact id: '2ee268696cc111a204f80936bb95ea24') in 0.002777 seconds
  Import took 0.006579 seconds .

========================================================================
Received Import Request.
  Time since last request: 3.165467 seconds.
  path: Assets/Scripts/WebGenerator.cs
  artifactKey: Guid(3b20b6c417427e640af24cd7b9d0625d) Importer(815301076,1909f56bfc062723c751e8b465ee728b)
Start importing Assets/Scripts/WebGenerator.cs using Guid(3b20b6c417427e640af24cd7b9d0625d) Importer(815301076,1909f56bfc062723c751e8b465ee728b)  -> (artifact id: 'ba3d7d5d21837c12012f35d92a92c27d') in 0.002643 seconds
  Import took 0.006182 seconds .

========================================================================
Received Import Request.
  Time since last request: 71.850857 seconds.
  path: Assets/Scripts/WebGenerator.cs
  artifactKey: Guid(3b20b6c417427e640af24cd7b9d0625d) Importer(815301076,1909f56bfc062723c751e8b465ee728b)
Start importing Assets/Scripts/WebGenerator.cs using Guid(3b20b6c417427e640af24cd7b9d0625d) Importer(815301076,1909f56bfc062723c751e8b465ee728b)  -> (artifact id: '49db239775d395edc72586cbe9d5b3f9') in 0.003455 seconds
  Import took 0.010234 seconds .

========================================================================
Received Import Request.
  Time since last request: 33.999450 seconds.
  path: Assets/Scripts/WebGenerator.cs
  artifactKey: Guid(3b20b6c417427e640af24cd7b9d0625d) Importer(815301076,1909f56bfc062723c751e8b465ee728b)
Start importing Assets/Scripts/WebGenerator.cs using Guid(3b20b6c417427e640af24cd7b9d0625d) Importer(815301076,1909f56bfc062723c751e8b465ee728b)  -> (artifact id: '3a5b008c875a06f08e5ebb331d2d7a50') in 0.002970 seconds
  Import took 0.017882 seconds .

========================================================================
Received Prepare
Registering precompiled user dll's ...
Registered in 0.001022 seconds.
Begin MonoManager ReloadAssembly
Native extension for WindowsStandalone target not found
Refreshing native plugins compatible for Editor in 0.35 ms, found 1 plugins.
Preloading 0 native plugins for Editor in 0.00 ms.
Invoked RoslynAnalysisRunner static constructor.
RoslynAnalysisRunner will not be running.
RoslynAnalysisRunner has terminated.
Mono: successfully reloaded assembly
- Completed reload, in  0.859 seconds
Platform modules already initialized, skipping
Refreshing native plugins compatible for Editor in 0.39 ms, found 1 plugins.
Preloading 0 native plugins for Editor in 0.00 ms.
Unloading 1813 Unused Serialized files (Serialized files now loaded: 0)
System memory in use before: 104.0 MB.
System memory in use after: 104.2 MB.

Unloading 8 unused Assets to reduce memory usage. Loaded Objects now: 2299.
Total: 2.162200 ms (FindLiveObjects: 0.251800 ms CreateObjectMapping: 0.061300 ms MarkObjects: 1.835600 ms  DeleteObjects: 0.012600 ms)

========================================================================
Received Prepare
Registering precompiled user dll's ...
Registered in 0.001592 seconds.
Begin MonoManager ReloadAssembly
Native extension for WindowsStandalone target not found
Refreshing native plugins compatible for Editor in 0.35 ms, found 1 plugins.
Preloading 0 native plugins for Editor in 0.00 ms.
Invoked RoslynAnalysisRunner static constructor.
RoslynAnalysisRunner will not be running.
RoslynAnalysisRunner has terminated.
Mono: successfully reloaded assembly
- Completed reload, in  0.875 seconds
Platform modules already initialized, skipping
Refreshing native plugins compatible for Editor in 0.39 ms, found 1 plugins.
Preloading 0 native plugins for Editor in 0.00 ms.
Unloading 1813 Unused Serialized files (Serialized files now loaded: 0)
System memory in use before: 104.1 MB.
System memory in use after: 104.2 MB.

Unloading 8 unused Assets to reduce memory usage. Loaded Objects now: 2302.
Total: 2.082900 ms (FindLiveObjects: 0.316100 ms CreateObjectMapping: 0.074300 ms MarkObjects: 1.676300 ms  DeleteObjects: 0.015300 ms)

========================================================================
Received Import Request.
  Time since last request: 71.686438 seconds.
  path: Assets/Scripts/WebGenerator.cs
  artifactKey: Guid(3b20b6c417427e640af24cd7b9d0625d) Importer(815301076,1909f56bfc062723c751e8b465ee728b)
Start importing Assets/Scripts/WebGenerator.cs using Guid(3b20b6c417427e640af24cd7b9d0625d) Importer(815301076,1909f56bfc062723c751e8b465ee728b)  -> (artifact id: '249de6b8b4401c82dbc27dd962d6d2f4') in 0.006313 seconds
  Import took 0.034598 seconds .

========================================================================
Received Prepare
Registering precompiled user dll's ...
Registered in 0.001147 seconds.
Begin MonoManager ReloadAssembly
Native extension for WindowsStandalone target not found
Refreshing native plugins compatible for Editor in 0.43 ms, found 1 plugins.
Preloading 0 native plugins for Editor in 0.00 ms.
Invoked RoslynAnalysisRunner static constructor.
RoslynAnalysisRunner will not be running.
RoslynAnalysisRunner has terminated.
Mono: successfully reloaded assembly
- Completed reload, in  0.876 seconds
Platform modules already initialized, skipping
Refreshing native plugins compatible for Editor in 0.41 ms, found 1 plugins.
Preloading 0 native plugins for Editor in 0.00 ms.
Unloading 1813 Unused Serialized files (Serialized files now loaded: 0)
System memory in use before: 104.1 MB.
System memory in use after: 104.2 MB.

Unloading 8 unused Assets to reduce memory usage. Loaded Objects now: 2305.
Total: 2.034000 ms (FindLiveObjects: 0.197400 ms CreateObjectMapping: 0.061400 ms MarkObjects: 1.739900 ms  DeleteObjects: 0.034300 ms)

========================================================================
Received Prepare
Registering precompiled user dll's ...
Registered in 0.001065 seconds.
Begin MonoManager ReloadAssembly
Native extension for WindowsStandalone target not found
Refreshing native plugins compatible for Editor in 0.36 ms, found 1 plugins.
Preloading 0 native plugins for Editor in 0.00 ms.
Invoked RoslynAnalysisRunner static constructor.
RoslynAnalysisRunner will not be running.
RoslynAnalysisRunner has terminated.
Mono: successfully reloaded assembly
- Completed reload, in  0.852 seconds
Platform modules already initialized, skipping
Refreshing native plugins compatible for Editor in 0.36 ms, found 1 plugins.
Preloading 0 native plugins for Editor in 0.00 ms.
Unloading 1813 Unused Serialized files (Serialized files now loaded: 0)
System memory in use before: 104.1 MB.
System memory in use after: 104.2 MB.

Unloading 8 unused Assets to reduce memory usage. Loaded Objects now: 2308.
Total: 2.042900 ms (FindLiveObjects: 0.205100 ms CreateObjectMapping: 0.064100 ms MarkObjects: 1.746700 ms  DeleteObjects: 0.026000 ms)

========================================================================
Received Prepare
Registering precompiled user dll's ...
Registered in 0.001039 seconds.
Begin MonoManager ReloadAssembly
Native extension for WindowsStandalone target not found
Refreshing native plugins compatible for Editor in 0.35 ms, found 1 plugins.
Preloading 0 native plugins for Editor in 0.00 ms.
Invoked RoslynAnalysisRunner static constructor.
RoslynAnalysisRunner will not be running.
RoslynAnalysisRunner has terminated.
Mono: successfully reloaded assembly
- Completed reload, in  0.827 seconds
Platform modules already initialized, skipping
Refreshing native plugins compatible for Editor in 0.35 ms, found 1 plugins.
Preloading 0 native plugins for Editor in 0.00 ms.
Unloading 1813 Unused Serialized files (Serialized files now loaded: 0)
System memory in use before: 104.1 MB.
System memory in use after: 104.3 MB.

Unloading 8 unused Assets to reduce memory usage. Loaded Objects now: 2311.
Total: 1.998100 ms (FindLiveObjects: 0.198500 ms CreateObjectMapping: 0.069700 ms MarkObjects: 1.680600 ms  DeleteObjects: 0.048200 ms)

========================================================================
Received Import Request.
  Time since last request: 160.125757 seconds.
  path: Assets/Prefabs/Node.prefab
  artifactKey: Guid(0d30d00c7cc55a243981ffc951bbff77) Importer(815301076,1909f56bfc062723c751e8b465ee728b)
Start importing Assets/Prefabs/Node.prefab using Guid(0d30d00c7cc55a243981ffc951bbff77) Importer(815301076,1909f56bfc062723c751e8b465ee728b)  -> (artifact id: '7d97ee66f73de2e1a91441a9779691ba') in 0.038788 seconds
  Import took 0.064484 seconds .

========================================================================
Received Prepare
Registering precompiled user dll's ...
Registered in 0.001447 seconds.
Begin MonoManager ReloadAssembly
Native extension for WindowsStandalone target not found
Refreshing native plugins compatible for Editor in 0.36 ms, found 1 plugins.
Preloading 0 native plugins for Editor in 0.00 ms.
Invoked RoslynAnalysisRunner static constructor.
RoslynAnalysisRunner will not be running.
RoslynAnalysisRunner has terminated.
Mono: successfully reloaded assembly
- Completed reload, in  0.825 seconds
Platform modules already initialized, skipping
Refreshing native plugins compatible for Editor in 0.40 ms, found 1 plugins.
Preloading 0 native plugins for Editor in 0.00 ms.
Unloading 1813 Unused Serialized files (Serialized files now loaded: 0)
System memory in use before: 104.1 MB.
System memory in use after: 104.3 MB.

Unloading 8 unused Assets to reduce memory usage. Loaded Objects now: 2314.
Total: 1.962900 ms (FindLiveObjects: 0.213800 ms CreateObjectMapping: 0.081000 ms MarkObjects: 1.644600 ms  DeleteObjects: 0.022700 ms)

========================================================================
Received Prepare
Registering precompiled user dll's ...
Registered in 0.001063 seconds.
Begin MonoManager ReloadAssembly
Native extension for WindowsStandalone target not found
Refreshing native plugins compatible for Editor in 0.34 ms, found 1 plugins.
Preloading 0 native plugins for Editor in 0.00 ms.
Invoked RoslynAnalysisRunner static constructor.
RoslynAnalysisRunner will not be running.
RoslynAnalysisRunner has terminated.
Mono: successfully reloaded assembly
- Completed reload, in  0.876 seconds
Platform modules already initialized, skipping
Refreshing native plugins compatible for Editor in 0.39 ms, found 1 plugins.
Preloading 0 native plugins for Editor in 0.00 ms.
Unloading 1813 Unused Serialized files (Serialized files now loaded: 0)
System memory in use before: 104.2 MB.
System memory in use after: 104.3 MB.

Unloading 8 unused Assets to reduce memory usage. Loaded Objects now: 2317.
Total: 2.217600 ms (FindLiveObjects: 0.296500 ms CreateObjectMapping: 0.072800 ms MarkObjects: 1.818200 ms  DeleteObjects: 0.028900 ms)

========================================================================
Received Import Request.
  Time since last request: 281.685317 seconds.
  path: Assets/Scripts/Cores.cs
  artifactKey: Guid(89d9e140356380646b1e442de0c4726a) Importer(815301076,1909f56bfc062723c751e8b465ee728b)
Start importing Assets/Scripts/Cores.cs using Guid(89d9e140356380646b1e442de0c4726a) Importer(815301076,1909f56bfc062723c751e8b465ee728b)  -> (artifact id: 'a2ab197936ccaa29b4fd252f9b429563') in 0.012251 seconds
  Import took 0.033996 seconds .

========================================================================
Received Prepare
Registering precompiled user dll's ...
Registered in 0.001553 seconds.
Begin MonoManager ReloadAssembly
Native extension for WindowsStandalone target not found
Refreshing native plugins compatible for Editor in 0.39 ms, found 1 plugins.
Preloading 0 native plugins for Editor in 0.00 ms.
Invoked RoslynAnalysisRunner static constructor.
RoslynAnalysisRunner will not be running.
RoslynAnalysisRunner has terminated.
Mono: successfully reloaded assembly
- Completed reload, in  1.027 seconds
Platform modules already initialized, skipping
Refreshing native plugins compatible for Editor in 0.60 ms, found 1 plugins.
Preloading 0 native plugins for Editor in 0.00 ms.
Unloading 1814 Unused Serialized files (Serialized files now loaded: 0)
System memory in use before: 104.2 MB.
System memory in use after: 104.3 MB.

Unloading 8 unused Assets to reduce memory usage. Loaded Objects now: 2321.
Total: 2.183200 ms (FindLiveObjects: 0.279400 ms CreateObjectMapping: 0.078700 ms MarkObjects: 1.808200 ms  DeleteObjects: 0.015600 ms)

========================================================================
Received Prepare
Registering precompiled user dll's ...
Registered in 0.001048 seconds.
Begin MonoManager ReloadAssembly
Native extension for WindowsStandalone target not found
Refreshing native plugins compatible for Editor in 0.51 ms, found 1 plugins.
Preloading 0 native plugins for Editor in 0.00 ms.
Invoked RoslynAnalysisRunner static constructor.
RoslynAnalysisRunner will not be running.
RoslynAnalysisRunner has terminated.
Mono: successfully reloaded assembly
- Completed reload, in  0.864 seconds
Platform modules already initialized, skipping
Refreshing native plugins compatible for Editor in 0.37 ms, found 1 plugins.
Preloading 0 native plugins for Editor in 0.00 ms.
Unloading 1814 Unused Serialized files (Serialized files now loaded: 0)
System memory in use before: 104.2 MB.
System memory in use after: 104.3 MB.

Unloading 8 unused Assets to reduce memory usage. Loaded Objects now: 2324.
Total: 2.508100 ms (FindLiveObjects: 0.299300 ms CreateObjectMapping: 0.086400 ms MarkObjects: 2.075800 ms  DeleteObjects: 0.045200 ms)

========================================================================
Received Import Request.
  Time since last request: 242.362865 seconds.
  path: Assets/Scripts/Cores.cs
  artifactKey: Guid(89d9e140356380646b1e442de0c4726a) Importer(815301076,1909f56bfc062723c751e8b465ee728b)
Start importing Assets/Scripts/Cores.cs using Guid(89d9e140356380646b1e442de0c4726a) Importer(815301076,1909f56bfc062723c751e8b465ee728b)  -> (artifact id: 'babdc7872b05e13f9961b486a951d710') in 0.005625 seconds
  Import took 0.008830 seconds .

========================================================================
Received Import Request.
  Time since last request: 0.050334 seconds.
  path: Assets/Scripts/Cores.cs
  artifactKey: Guid(89d9e140356380646b1e442de0c4726a) Importer(815301076,1909f56bfc062723c751e8b465ee728b)
Start importing Assets/Scripts/Cores.cs using Guid(89d9e140356380646b1e442de0c4726a) Importer(815301076,1909f56bfc062723c751e8b465ee728b)  -> (artifact id: 'babdc7872b05e13f9961b486a951d710') in 0.002091 seconds
  Import took 0.005305 seconds .

========================================================================
Received Prepare
Registering precompiled user dll's ...
Registered in 0.001310 seconds.
Begin MonoManager ReloadAssembly
Native extension for WindowsStandalone target not found
Refreshing native plugins compatible for Editor in 0.36 ms, found 1 plugins.
Preloading 0 native plugins for Editor in 0.00 ms.
Invoked RoslynAnalysisRunner static constructor.
RoslynAnalysisRunner will not be running.
RoslynAnalysisRunner has terminated.
Mono: successfully reloaded assembly
- Completed reload, in  0.894 seconds
Platform modules already initialized, skipping
Refreshing native plugins compatible for Editor in 0.35 ms, found 1 plugins.
Preloading 0 native plugins for Editor in 0.00 ms.
Unloading 1814 Unused Serialized files (Serialized files now loaded: 0)
System memory in use before: 104.2 MB.
System memory in use after: 104.3 MB.

Unloading 8 unused Assets to reduce memory usage. Loaded Objects now: 2327.
Total: 1.917500 ms (FindLiveObjects: 0.256700 ms CreateObjectMapping: 0.072800 ms MarkObjects: 1.573700 ms  DeleteObjects: 0.012900 ms)

========================================================================
Received Prepare
Registering precompiled user dll's ...
Registered in 0.001272 seconds.
Begin MonoManager ReloadAssembly
Native extension for WindowsStandalone target not found
Refreshing native plugins compatible for Editor in 0.77 ms, found 1 plugins.
Preloading 0 native plugins for Editor in 0.00 ms.
Invoked RoslynAnalysisRunner static constructor.
RoslynAnalysisRunner will not be running.
RoslynAnalysisRunner has terminated.
Mono: successfully reloaded assembly
- Completed reload, in  0.844 seconds
Platform modules already initialized, skipping
Refreshing native plugins compatible for Editor in 0.37 ms, found 1 plugins.
Preloading 0 native plugins for Editor in 0.00 ms.
Unloading 1814 Unused Serialized files (Serialized files now loaded: 0)
System memory in use before: 104.2 MB.
System memory in use after: 104.3 MB.

Unloading 8 unused Assets to reduce memory usage. Loaded Objects now: 2330.
Total: 1.763800 ms (FindLiveObjects: 0.181000 ms CreateObjectMapping: 0.062300 ms MarkObjects: 1.504700 ms  DeleteObjects: 0.014800 ms)

========================================================================
Received Prepare
Registering precompiled user dll's ...
Registered in 0.001195 seconds.
Begin MonoManager ReloadAssembly
Native extension for WindowsStandalone target not found
Refreshing native plugins compatible for Editor in 0.40 ms, found 1 plugins.
Preloading 0 native plugins for Editor in 0.00 ms.
Invoked RoslynAnalysisRunner static constructor.
RoslynAnalysisRunner will not be running.
RoslynAnalysisRunner has terminated.
Mono: successfully reloaded assembly
- Completed reload, in  0.858 seconds
Platform modules already initialized, skipping
Refreshing native plugins compatible for Editor in 0.42 ms, found 1 plugins.
Preloading 0 native plugins for Editor in 0.00 ms.
Unloading 1814 Unused Serialized files (Serialized files now loaded: 0)
System memory in use before: 104.2 MB.
System memory in use after: 104.3 MB.

Unloading 8 unused Assets to reduce memory usage. Loaded Objects now: 2333.
Total: 1.857300 ms (FindLiveObjects: 0.174700 ms CreateObjectMapping: 0.077100 ms MarkObjects: 1.574200 ms  DeleteObjects: 0.030200 ms)

========================================================================
Received Prepare
Registering precompiled user dll's ...
Registered in 0.000976 seconds.
Begin MonoManager ReloadAssembly
Native extension for WindowsStandalone target not found
Refreshing native plugins compatible for Editor in 0.38 ms, found 1 plugins.
Preloading 0 native plugins for Editor in 0.00 ms.
Invoked RoslynAnalysisRunner static constructor.
RoslynAnalysisRunner will not be running.
RoslynAnalysisRunner has terminated.
Mono: successfully reloaded assembly
- Completed reload, in  0.855 seconds
Platform modules already initialized, skipping
Refreshing native plugins compatible for Editor in 0.36 ms, found 1 plugins.
Preloading 0 native plugins for Editor in 0.00 ms.
Unloading 1814 Unused Serialized files (Serialized files now loaded: 0)
System memory in use before: 104.2 MB.
System memory in use after: 104.3 MB.

Unloading 8 unused Assets to reduce memory usage. Loaded Objects now: 2336.
Total: 2.112400 ms (FindLiveObjects: 0.302600 ms CreateObjectMapping: 0.105500 ms MarkObjects: 1.679600 ms  DeleteObjects: 0.023500 ms)

========================================================================
Received Import Request.
  Time since last request: 348.885270 seconds.
  path: Assets/Scripts/Cores
  artifactKey: Guid(93f0dc13ab87d8e4fa72b02fd4110d51) Importer(815301076,1909f56bfc062723c751e8b465ee728b)
Start importing Assets/Scripts/Cores using Guid(93f0dc13ab87d8e4fa72b02fd4110d51) Importer(815301076,1909f56bfc062723c751e8b465ee728b)  -> (artifact id: '8152c7b65a0ad89d09b2fa40b28f582e') in 0.007637 seconds
  Import took 0.011935 seconds .

========================================================================
Received Prepare
Registering precompiled user dll's ...
Registered in 0.000994 seconds.
Begin MonoManager ReloadAssembly
Native extension for WindowsStandalone target not found
Refreshing native plugins compatible for Editor in 0.35 ms, found 1 plugins.
Preloading 0 native plugins for Editor in 0.00 ms.
Invoked RoslynAnalysisRunner static constructor.
RoslynAnalysisRunner will not be running.
RoslynAnalysisRunner has terminated.
Mono: successfully reloaded assembly
- Completed reload, in  0.909 seconds
Platform modules already initialized, skipping
Refreshing native plugins compatible for Editor in 0.35 ms, found 1 plugins.
Preloading 0 native plugins for Editor in 0.00 ms.
Unloading 1814 Unused Serialized files (Serialized files now loaded: 0)
System memory in use before: 104.2 MB.
System memory in use after: 104.3 MB.

Unloading 8 unused Assets to reduce memory usage. Loaded Objects now: 2339.
Total: 1.875500 ms (FindLiveObjects: 0.179300 ms CreateObjectMapping: 0.067100 ms MarkObjects: 1.604600 ms  DeleteObjects: 0.023700 ms)

========================================================================
Received Import Request.
  Time since last request: 9.265005 seconds.
  path: Assets/Scripts/Cores/Core.cs
  artifactKey: Guid(5991eddb339de6143a16f21e5446c568) Importer(815301076,1909f56bfc062723c751e8b465ee728b)
Start importing Assets/Scripts/Cores/Core.cs using Guid(5991eddb339de6143a16f21e5446c568) Importer(815301076,1909f56bfc062723c751e8b465ee728b)  -> (artifact id: '0f6807b97cf2d6933e9854aa7ae6fa01') in 0.011921 seconds
  Import took 0.034986 seconds .

========================================================================
Received Prepare
Registering precompiled user dll's ...
Registered in 0.001040 seconds.
Begin MonoManager ReloadAssembly
Native extension for WindowsStandalone target not found
Refreshing native plugins compatible for Editor in 0.42 ms, found 1 plugins.
Preloading 0 native plugins for Editor in 0.00 ms.
Invoked RoslynAnalysisRunner static constructor.
RoslynAnalysisRunner will not be running.
RoslynAnalysisRunner has terminated.
Mono: successfully reloaded assembly
- Completed reload, in  0.872 seconds
Platform modules already initialized, skipping
Refreshing native plugins compatible for Editor in 0.35 ms, found 1 plugins.
Preloading 0 native plugins for Editor in 0.00 ms.
Unloading 1815 Unused Serialized files (Serialized files now loaded: 0)
System memory in use before: 104.3 MB.
System memory in use after: 104.4 MB.

Unloading 8 unused Assets to reduce memory usage. Loaded Objects now: 2343.
Total: 1.801700 ms (FindLiveObjects: 0.194100 ms CreateObjectMapping: 0.061100 ms MarkObjects: 1.517200 ms  DeleteObjects: 0.028400 ms)

========================================================================
Received Import Request.
  Time since last request: 152.821568 seconds.
  path: Assets/Scripts/Cores/Core.cs
  artifactKey: Guid(5991eddb339de6143a16f21e5446c568) Importer(815301076,1909f56bfc062723c751e8b465ee728b)
Start importing Assets/Scripts/Cores/Core.cs using Guid(5991eddb339de6143a16f21e5446c568) Importer(815301076,1909f56bfc062723c751e8b465ee728b)  -> (artifact id: 'cbe03e0429a79ba10f26386d4aef67a7') in 0.007755 seconds
  Import took 0.028213 seconds .

========================================================================
Received Import Request.
  Time since last request: 6.082472 seconds.
  path: Assets/Scripts/Cores/CoreEmpty.cs
  artifactKey: Guid(dcd27cf0ee0cee64bb729c6ae78315c8) Importer(815301076,1909f56bfc062723c751e8b465ee728b)
Start importing Assets/Scripts/Cores/CoreEmpty.cs using Guid(dcd27cf0ee0cee64bb729c6ae78315c8) Importer(815301076,1909f56bfc062723c751e8b465ee728b)  -> (artifact id: '12c12284ae4edcee99fc3fab0a5c62b4') in 0.007735 seconds
  Import took 0.061089 seconds .

========================================================================
Received Import Request.
  Time since last request: 239.206831 seconds.
  path: Assets/Scripts/Cores/CoreEmpty.cs
  artifactKey: Guid(dcd27cf0ee0cee64bb729c6ae78315c8) Importer(815301076,1909f56bfc062723c751e8b465ee728b)
Start importing Assets/Scripts/Cores/CoreEmpty.cs using Guid(dcd27cf0ee0cee64bb729c6ae78315c8) Importer(815301076,1909f56bfc062723c751e8b465ee728b)  -> (artifact id: '0eb8f7148fd653a93081687b5447d323') in 0.004159 seconds
  Import took 0.008220 seconds .

========================================================================
Received Import Request.
  Time since last request: 4.910838 seconds.
  path: Assets/Scripts/Cores/CoreUnavaible.cs
  artifactKey: Guid(b48b9fa1d15a906408e30f344fa02595) Importer(815301076,1909f56bfc062723c751e8b465ee728b)
Start importing Assets/Scripts/Cores/CoreUnavaible.cs using Guid(b48b9fa1d15a906408e30f344fa02595) Importer(815301076,1909f56bfc062723c751e8b465ee728b)  -> (artifact id: 'e8c63aca31cd81f0ed286685834da751') in 0.009038 seconds
  Import took 0.019893 seconds .

========================================================================
Received Prepare
Registering precompiled user dll's ...
Registered in 0.001231 seconds.
Begin MonoManager ReloadAssembly
Native extension for WindowsStandalone target not found
Refreshing native plugins compatible for Editor in 0.35 ms, found 1 plugins.
Preloading 0 native plugins for Editor in 0.00 ms.
Invoked RoslynAnalysisRunner static constructor.
RoslynAnalysisRunner will not be running.
RoslynAnalysisRunner has terminated.
Mono: successfully reloaded assembly
- Completed reload, in  0.843 seconds
Platform modules already initialized, skipping
Refreshing native plugins compatible for Editor in 0.35 ms, found 1 plugins.
Preloading 0 native plugins for Editor in 0.00 ms.
Unloading 1817 Unused Serialized files (Serialized files now loaded: 0)
System memory in use before: 104.3 MB.
System memory in use after: 104.4 MB.

Unloading 8 unused Assets to reduce memory usage. Loaded Objects now: 2348.
Total: 2.247500 ms (FindLiveObjects: 0.250600 ms CreateObjectMapping: 0.059800 ms MarkObjects: 1.902800 ms  DeleteObjects: 0.033300 ms)

========================================================================
Received Import Request.
  Time since last request: 401.425691 seconds.
  path: Assets/Scripts/Cores/CoreUnavaible.cs
  artifactKey: Guid(b48b9fa1d15a906408e30f344fa02595) Importer(815301076,1909f56bfc062723c751e8b465ee728b)
Start importing Assets/Scripts/Cores/CoreUnavaible.cs using Guid(b48b9fa1d15a906408e30f344fa02595) Importer(815301076,1909f56bfc062723c751e8b465ee728b)  -> (artifact id: 'aa2f6a62deaddb2e85987804dc96391d') in 0.005187 seconds
  Import took 0.008749 seconds .

========================================================================
Received Import Request.
  Time since last request: 13.180010 seconds.
  path: Assets/Scripts/Cores/CoreMining.cs
  artifactKey: Guid(4735b36f77be82844bb7db6654a434fb) Importer(815301076,1909f56bfc062723c751e8b465ee728b)
Start importing Assets/Scripts/Cores/CoreMining.cs using Guid(4735b36f77be82844bb7db6654a434fb) Importer(815301076,1909f56bfc062723c751e8b465ee728b)  -> (artifact id: 'd901b9c57aeceac73e3553bfa54ed168') in 0.011662 seconds
  Import took 0.023971 seconds .

========================================================================
Received Prepare
Registering precompiled user dll's ...
Registered in 0.001022 seconds.
Begin MonoManager ReloadAssembly
Native extension for WindowsStandalone target not found
Refreshing native plugins compatible for Editor in 0.42 ms, found 1 plugins.
Preloading 0 native plugins for Editor in 0.00 ms.
Invoked RoslynAnalysisRunner static constructor.
RoslynAnalysisRunner will not be running.
RoslynAnalysisRunner has terminated.
Mono: successfully reloaded assembly
- Completed reload, in  0.910 seconds
Platform modules already initialized, skipping
Refreshing native plugins compatible for Editor in 0.56 ms, found 1 plugins.
Preloading 0 native plugins for Editor in 0.00 ms.
Unloading 1818 Unused Serialized files (Serialized files now loaded: 0)
System memory in use before: 104.3 MB.
System memory in use after: 104.5 MB.

Unloading 8 unused Assets to reduce memory usage. Loaded Objects now: 2352.
Total: 3.444100 ms (FindLiveObjects: 0.436000 ms CreateObjectMapping: 0.139500 ms MarkObjects: 2.846400 ms  DeleteObjects: 0.020500 ms)

========================================================================
Received Prepare
Registering precompiled user dll's ...
Registered in 0.001556 seconds.
Begin MonoManager ReloadAssembly
Native extension for WindowsStandalone target not found
Refreshing native plugins compatible for Editor in 0.35 ms, found 1 plugins.
Preloading 0 native plugins for Editor in 0.00 ms.
Invoked RoslynAnalysisRunner static constructor.
RoslynAnalysisRunner will not be running.
RoslynAnalysisRunner has terminated.
Mono: successfully reloaded assembly
- Completed reload, in  0.845 seconds
Platform modules already initialized, skipping
Refreshing native plugins compatible for Editor in 0.35 ms, found 1 plugins.
Preloading 0 native plugins for Editor in 0.00 ms.
Unloading 1818 Unused Serialized files (Serialized files now loaded: 0)
System memory in use before: 104.4 MB.
System memory in use after: 104.5 MB.

Unloading 8 unused Assets to reduce memory usage. Loaded Objects now: 2355.
Total: 2.180500 ms (FindLiveObjects: 0.250800 ms CreateObjectMapping: 0.070500 ms MarkObjects: 1.844500 ms  DeleteObjects: 0.013900 ms)

========================================================================
Received Import Request.
  Time since last request: 105.878016 seconds.
  path: Assets/Scripts/Cores/CoreMining.cs
  artifactKey: Guid(4735b36f77be82844bb7db6654a434fb) Importer(815301076,1909f56bfc062723c751e8b465ee728b)
Start importing Assets/Scripts/Cores/CoreMining.cs using Guid(4735b36f77be82844bb7db6654a434fb) Importer(815301076,1909f56bfc062723c751e8b465ee728b)  -> (artifact id: 'e26ed834e664c96dd876caa7cb86b9eb') in 0.004892 seconds
  Import took 0.019339 seconds .

========================================================================
Received Import Request.
  Time since last request: 10.690279 seconds.
  path: Assets/Scripts/Player.cs
  artifactKey: Guid(debf6bd574b6c7c44bb4bf87c39d937e) Importer(815301076,1909f56bfc062723c751e8b465ee728b)
Start importing Assets/Scripts/Player.cs using Guid(debf6bd574b6c7c44bb4bf87c39d937e) Importer(815301076,1909f56bfc062723c751e8b465ee728b)  -> (artifact id: 'a585cccdd825970d6fc5c85cf284e26f') in 0.008051 seconds
  Import took 0.015073 seconds .

========================================================================
Received Prepare
Registering precompiled user dll's ...
Registered in 0.001014 seconds.
Begin MonoManager ReloadAssembly
Native extension for WindowsStandalone target not found
Refreshing native plugins compatible for Editor in 0.41 ms, found 1 plugins.
Preloading 0 native plugins for Editor in 0.00 ms.
Invoked RoslynAnalysisRunner static constructor.
RoslynAnalysisRunner will not be running.
RoslynAnalysisRunner has terminated.
Mono: successfully reloaded assembly
- Completed reload, in  0.856 seconds
Platform modules already initialized, skipping
Refreshing native plugins compatible for Editor in 0.36 ms, found 1 plugins.
Preloading 0 native plugins for Editor in 0.00 ms.
Unloading 1819 Unused Serialized files (Serialized files now loaded: 0)
System memory in use before: 104.4 MB.
System memory in use after: 104.5 MB.

Unloading 8 unused Assets to reduce memory usage. Loaded Objects now: 2359.
Total: 1.845500 ms (FindLiveObjects: 0.243900 ms CreateObjectMapping: 0.071000 ms MarkObjects: 1.485000 ms  DeleteObjects: 0.044500 ms)

========================================================================
Received Import Request.
  Time since last request: 303.783715 seconds.
  path: Assets/Scripts/Player.cs
  artifactKey: Guid(debf6bd574b6c7c44bb4bf87c39d937e) Importer(815301076,1909f56bfc062723c751e8b465ee728b)
Start importing Assets/Scripts/Player.cs using Guid(debf6bd574b6c7c44bb4bf87c39d937e) Importer(815301076,1909f56bfc062723c751e8b465ee728b)  -> (artifact id: '5b48827b96a47443d87f5056f401f6e0') in 0.007503 seconds
  Import took 0.019042 seconds .

========================================================================
Received Import Request.
  Time since last request: 3.916647 seconds.
  path: Assets/Scripts/PlayerData.cs
  artifactKey: Guid(debf6bd574b6c7c44bb4bf87c39d937e) Importer(815301076,1909f56bfc062723c751e8b465ee728b)
Start importing Assets/Scripts/PlayerData.cs using Guid(debf6bd574b6c7c44bb4bf87c39d937e) Importer(815301076,1909f56bfc062723c751e8b465ee728b)  -> (artifact id: '899826fb51910f902d0a4d9d6f66fd74') in 0.006750 seconds
  Import took 0.018006 seconds .

========================================================================
Received Prepare
Registering precompiled user dll's ...
Registered in 0.001052 seconds.
Begin MonoManager ReloadAssembly
Native extension for WindowsStandalone target not found
Refreshing native plugins compatible for Editor in 0.42 ms, found 1 plugins.
Preloading 0 native plugins for Editor in 0.00 ms.
Invoked RoslynAnalysisRunner static constructor.
RoslynAnalysisRunner will not be running.
RoslynAnalysisRunner has terminated.
Mono: successfully reloaded assembly
- Completed reload, in  0.850 seconds
Platform modules already initialized, skipping
Refreshing native plugins compatible for Editor in 0.38 ms, found 1 plugins.
Preloading 0 native plugins for Editor in 0.00 ms.
Unloading 1819 Unused Serialized files (Serialized files now loaded: 0)
System memory in use before: 104.4 MB.
System memory in use after: 104.5 MB.

Unloading 8 unused Assets to reduce memory usage. Loaded Objects now: 2362.
Total: 2.151900 ms (FindLiveObjects: 0.370400 ms CreateObjectMapping: 0.169700 ms MarkObjects: 1.587100 ms  DeleteObjects: 0.023500 ms)

========================================================================
Received Import Request.
  Time since last request: 471.129569 seconds.
  path: Assets/Scripts/Helpers/EditorDrawable.cs
  artifactKey: Guid(d43b5076f15243a4dbab2bf54a5a80d5) Importer(815301076,1909f56bfc062723c751e8b465ee728b)
Start importing Assets/Scripts/Helpers/EditorDrawable.cs using Guid(d43b5076f15243a4dbab2bf54a5a80d5) Importer(815301076,1909f56bfc062723c751e8b465ee728b)  -> (artifact id: '1763323f27d081db58206205ddbd2f64') in 0.010251 seconds
  Import took 0.076371 seconds .

========================================================================
Received Prepare
Registering precompiled user dll's ...
Registered in 0.001459 seconds.
Begin MonoManager ReloadAssembly
Native extension for WindowsStandalone target not found
Refreshing native plugins compatible for Editor in 0.39 ms, found 1 plugins.
Preloading 0 native plugins for Editor in 0.00 ms.
Invoked RoslynAnalysisRunner static constructor.
RoslynAnalysisRunner will not be running.
RoslynAnalysisRunner has terminated.
Mono: successfully reloaded assembly
- Completed reload, in  0.816 seconds
Platform modules already initialized, skipping
Refreshing native plugins compatible for Editor in 0.39 ms, found 1 plugins.
Preloading 0 native plugins for Editor in 0.00 ms.
Unloading 1820 Unused Serialized files (Serialized files now loaded: 0)
System memory in use before: 104.4 MB.
System memory in use after: 104.5 MB.

Unloading 8 unused Assets to reduce memory usage. Loaded Objects now: 2366.
Total: 2.405400 ms (FindLiveObjects: 0.325400 ms CreateObjectMapping: 0.115200 ms MarkObjects: 1.940400 ms  DeleteObjects: 0.023300 ms)

========================================================================
Received Import Request.
  Time since last request: 5.123574 seconds.
  path: Assets/Scripts/Helpers/EditorDrawable.cs
  artifactKey: Guid(d43b5076f15243a4dbab2bf54a5a80d5) Importer(815301076,1909f56bfc062723c751e8b465ee728b)
Start importing Assets/Scripts/Helpers/EditorDrawable.cs using Guid(d43b5076f15243a4dbab2bf54a5a80d5) Importer(815301076,1909f56bfc062723c751e8b465ee728b)  -> (artifact id: 'b3ae04a372387fc15aa8394bcacafa3b') in 0.006013 seconds
  Import took 0.010001 seconds .

========================================================================
Received Prepare
Registering precompiled user dll's ...
Registered in 0.001214 seconds.
Begin MonoManager ReloadAssembly
Native extension for WindowsStandalone target not found
Refreshing native plugins compatible for Editor in 0.38 ms, found 1 plugins.
Preloading 0 native plugins for Editor in 0.00 ms.
Invoked RoslynAnalysisRunner static constructor.
RoslynAnalysisRunner will not be running.
RoslynAnalysisRunner has terminated.
Mono: successfully reloaded assembly
- Completed reload, in  0.839 seconds
Platform modules already initialized, skipping
Refreshing native plugins compatible for Editor in 0.35 ms, found 1 plugins.
Preloading 0 native plugins for Editor in 0.00 ms.
Unloading 1820 Unused Serialized files (Serialized files now loaded: 0)
System memory in use before: 104.4 MB.
System memory in use after: 104.5 MB.

Unloading 8 unused Assets to reduce memory usage. Loaded Objects now: 2369.
Total: 2.041300 ms (FindLiveObjects: 0.291500 ms CreateObjectMapping: 0.090000 ms MarkObjects: 1.631500 ms  DeleteObjects: 0.027200 ms)

========================================================================
Received Import Request.
  Time since last request: 31.692250 seconds.
  path: Assets/Scripts/Helpers/EditorDrawable.cs
  artifactKey: Guid(d43b5076f15243a4dbab2bf54a5a80d5) Importer(815301076,1909f56bfc062723c751e8b465ee728b)
Start importing Assets/Scripts/Helpers/EditorDrawable.cs using Guid(d43b5076f15243a4dbab2bf54a5a80d5) Importer(815301076,1909f56bfc062723c751e8b465ee728b)  -> (artifact id: '5e1934aefc04f0a420eb7df61ca13002') in 0.004968 seconds
  Import took 0.007843 seconds .

========================================================================
Received Prepare
Registering precompiled user dll's ...
Registered in 0.001113 seconds.
Begin MonoManager ReloadAssembly
Native extension for WindowsStandalone target not found
Refreshing native plugins compatible for Editor in 0.36 ms, found 1 plugins.
Preloading 0 native plugins for Editor in 0.00 ms.
Invoked RoslynAnalysisRunner static constructor.
RoslynAnalysisRunner will not be running.
RoslynAnalysisRunner has terminated.
Mono: successfully reloaded assembly
- Completed reload, in  0.839 seconds
Platform modules already initialized, skipping
Refreshing native plugins compatible for Editor in 0.37 ms, found 1 plugins.
Preloading 0 native plugins for Editor in 0.00 ms.
Unloading 1820 Unused Serialized files (Serialized files now loaded: 0)
System memory in use before: 104.4 MB.
System memory in use after: 104.6 MB.

Unloading 8 unused Assets to reduce memory usage. Loaded Objects now: 2372.
Total: 1.814400 ms (FindLiveObjects: 0.179000 ms CreateObjectMapping: 0.062000 ms MarkObjects: 1.545400 ms  DeleteObjects: 0.027100 ms)

========================================================================
Received Import Request.
  Time since last request: 119.400532 seconds.
  path: Assets/Scripts/Helpers/EditorDrawable.cs
  artifactKey: Guid(d43b5076f15243a4dbab2bf54a5a80d5) Importer(815301076,1909f56bfc062723c751e8b465ee728b)
Start importing Assets/Scripts/Helpers/EditorDrawable.cs using Guid(d43b5076f15243a4dbab2bf54a5a80d5) Importer(815301076,1909f56bfc062723c751e8b465ee728b)  -> (artifact id: '99d005fad477e3d0af3357d8a7e4178d') in 0.005259 seconds
  Import took 0.009019 seconds .

========================================================================
Received Import Request.
  Time since last request: 0.001554 seconds.
  path: Assets/Scripts/Helpers/EditorDrawable.cs
  artifactKey: Guid(d43b5076f15243a4dbab2bf54a5a80d5) Importer(815301076,1909f56bfc062723c751e8b465ee728b)
Start importing Assets/Scripts/Helpers/EditorDrawable.cs using Guid(d43b5076f15243a4dbab2bf54a5a80d5) Importer(815301076,1909f56bfc062723c751e8b465ee728b)  -> (artifact id: '99d005fad477e3d0af3357d8a7e4178d') in 0.002371 seconds
  Import took 0.005781 seconds .

========================================================================
Received Prepare
Registering precompiled user dll's ...
Registered in 0.001133 seconds.
Begin MonoManager ReloadAssembly
Native extension for WindowsStandalone target not found
Refreshing native plugins compatible for Editor in 0.35 ms, found 1 plugins.
Preloading 0 native plugins for Editor in 0.00 ms.
Invoked RoslynAnalysisRunner static constructor.
RoslynAnalysisRunner will not be running.
RoslynAnalysisRunner has terminated.
Mono: successfully reloaded assembly
- Completed reload, in  0.830 seconds
Platform modules already initialized, skipping
Refreshing native plugins compatible for Editor in 0.38 ms, found 1 plugins.
Preloading 0 native plugins for Editor in 0.00 ms.
Unloading 1820 Unused Serialized files (Serialized files now loaded: 0)
System memory in use before: 104.5 MB.
System memory in use after: 104.6 MB.

Unloading 8 unused Assets to reduce memory usage. Loaded Objects now: 2375.
Total: 1.928500 ms (FindLiveObjects: 0.171600 ms CreateObjectMapping: 0.059300 ms MarkObjects: 1.682900 ms  DeleteObjects: 0.013600 ms)

========================================================================
Received Prepare
Registering precompiled user dll's ...
Registered in 0.001182 seconds.
Begin MonoManager ReloadAssembly
Native extension for WindowsStandalone target not found
Refreshing native plugins compatible for Editor in 0.37 ms, found 1 plugins.
Preloading 0 native plugins for Editor in 0.00 ms.
Invoked RoslynAnalysisRunner static constructor.
RoslynAnalysisRunner will not be running.
RoslynAnalysisRunner has terminated.
Mono: successfully reloaded assembly
- Completed reload, in  1.174 seconds
Platform modules already initialized, skipping
Refreshing native plugins compatible for Editor in 0.36 ms, found 1 plugins.
Preloading 0 native plugins for Editor in 0.00 ms.
Unloading 1820 Unused Serialized files (Serialized files now loaded: 0)
System memory in use before: 104.5 MB.
System memory in use after: 104.6 MB.

Unloading 8 unused Assets to reduce memory usage. Loaded Objects now: 2378.
Total: 3.270100 ms (FindLiveObjects: 0.489200 ms CreateObjectMapping: 0.211000 ms MarkObjects: 2.550900 ms  DeleteObjects: 0.017100 ms)

========================================================================
Received Prepare
Registering precompiled user dll's ...
Registered in 0.001150 seconds.
Begin MonoManager ReloadAssembly
Native extension for WindowsStandalone target not found
Refreshing native plugins compatible for Editor in 0.45 ms, found 1 plugins.
Preloading 0 native plugins for Editor in 0.00 ms.
Invoked RoslynAnalysisRunner static constructor.
RoslynAnalysisRunner will not be running.
RoslynAnalysisRunner has terminated.
Mono: successfully reloaded assembly
- Completed reload, in  1.147 seconds
Platform modules already initialized, skipping
Refreshing native plugins compatible for Editor in 0.40 ms, found 1 plugins.
Preloading 0 native plugins for Editor in 0.00 ms.
Unloading 1820 Unused Serialized files (Serialized files now loaded: 0)
System memory in use before: 104.5 MB.
System memory in use after: 104.6 MB.

Unloading 8 unused Assets to reduce memory usage. Loaded Objects now: 2381.
Total: 3.739700 ms (FindLiveObjects: 0.272700 ms CreateObjectMapping: 0.064400 ms MarkObjects: 3.373400 ms  DeleteObjects: 0.026700 ms)

========================================================================
Received Prepare
Registering precompiled user dll's ...
Registered in 0.001095 seconds.
Begin MonoManager ReloadAssembly
Native extension for WindowsStandalone target not found
Refreshing native plugins compatible for Editor in 0.64 ms, found 1 plugins.
Preloading 0 native plugins for Editor in 0.00 ms.
Invoked RoslynAnalysisRunner static constructor.
RoslynAnalysisRunner will not be running.
RoslynAnalysisRunner has terminated.
Mono: successfully reloaded assembly
- Completed reload, in  0.867 seconds
Platform modules already initialized, skipping
Refreshing native plugins compatible for Editor in 0.38 ms, found 1 plugins.
Preloading 0 native plugins for Editor in 0.00 ms.
Unloading 1820 Unused Serialized files (Serialized files now loaded: 0)
System memory in use before: 104.5 MB.
System memory in use after: 104.6 MB.

Unloading 8 unused Assets to reduce memory usage. Loaded Objects now: 2384.
Total: 2.224200 ms (FindLiveObjects: 0.264700 ms CreateObjectMapping: 0.069500 ms MarkObjects: 1.864600 ms  DeleteObjects: 0.024700 ms)

========================================================================
Received Prepare
Registering precompiled user dll's ...
Registered in 0.001032 seconds.
Begin MonoManager ReloadAssembly
Native extension for WindowsStandalone target not found
Refreshing native plugins compatible for Editor in 0.39 ms, found 1 plugins.
Preloading 0 native plugins for Editor in 0.00 ms.
Invoked RoslynAnalysisRunner static constructor.
RoslynAnalysisRunner will not be running.
RoslynAnalysisRunner has terminated.
Mono: successfully reloaded assembly
- Completed reload, in  0.822 seconds
Platform modules already initialized, skipping
Refreshing native plugins compatible for Editor in 0.40 ms, found 1 plugins.
Preloading 0 native plugins for Editor in 0.00 ms.
Unloading 1820 Unused Serialized files (Serialized files now loaded: 0)
System memory in use before: 104.5 MB.
System memory in use after: 104.6 MB.

Unloading 8 unused Assets to reduce memory usage. Loaded Objects now: 2387.
Total: 2.740300 ms (FindLiveObjects: 0.362900 ms CreateObjectMapping: 0.188700 ms MarkObjects: 2.171400 ms  DeleteObjects: 0.016100 ms)

========================================================================
Received Prepare
Registering precompiled user dll's ...
Registered in 0.001228 seconds.
Begin MonoManager ReloadAssembly
Native extension for WindowsStandalone target not found
Refreshing native plugins compatible for Editor in 0.36 ms, found 1 plugins.
Preloading 0 native plugins for Editor in 0.00 ms.
Invoked RoslynAnalysisRunner static constructor.
RoslynAnalysisRunner will not be running.
RoslynAnalysisRunner has terminated.
Mono: successfully reloaded assembly
- Completed reload, in  0.865 seconds
Platform modules already initialized, skipping
Refreshing native plugins compatible for Editor in 0.36 ms, found 1 plugins.
Preloading 0 native plugins for Editor in 0.00 ms.
Unloading 1820 Unused Serialized files (Serialized files now loaded: 0)
System memory in use before: 104.5 MB.
System memory in use after: 104.6 MB.

Unloading 8 unused Assets to reduce memory usage. Loaded Objects now: 2390.
Total: 3.002500 ms (FindLiveObjects: 0.284600 ms CreateObjectMapping: 0.113600 ms MarkObjects: 2.581100 ms  DeleteObjects: 0.021900 ms)

========================================================================
Received Prepare
Registering precompiled user dll's ...
Registered in 0.001406 seconds.
Begin MonoManager ReloadAssembly
Native extension for WindowsStandalone target not found
Refreshing native plugins compatible for Editor in 0.37 ms, found 1 plugins.
Preloading 0 native plugins for Editor in 0.00 ms.
Invoked RoslynAnalysisRunner static constructor.
RoslynAnalysisRunner will not be running.
RoslynAnalysisRunner has terminated.
Mono: successfully reloaded assembly
- Completed reload, in  0.837 seconds
Platform modules already initialized, skipping
Refreshing native plugins compatible for Editor in 0.42 ms, found 1 plugins.
Preloading 0 native plugins for Editor in 0.00 ms.
Unloading 1820 Unused Serialized files (Serialized files now loaded: 0)
System memory in use before: 104.5 MB.
System memory in use after: 104.6 MB.

Unloading 8 unused Assets to reduce memory usage. Loaded Objects now: 2393.
Total: 2.592500 ms (FindLiveObjects: 0.200700 ms CreateObjectMapping: 0.085800 ms MarkObjects: 2.281100 ms  DeleteObjects: 0.023800 ms)

========================================================================
Received Prepare
Registering precompiled user dll's ...
Registered in 0.001036 seconds.
Begin MonoManager ReloadAssembly
Native extension for WindowsStandalone target not found
Refreshing native plugins compatible for Editor in 0.35 ms, found 1 plugins.
Preloading 0 native plugins for Editor in 0.00 ms.
Invoked RoslynAnalysisRunner static constructor.
RoslynAnalysisRunner will not be running.
RoslynAnalysisRunner has terminated.
Mono: successfully reloaded assembly
- Completed reload, in  0.833 seconds
Platform modules already initialized, skipping
Refreshing native plugins compatible for Editor in 0.36 ms, found 1 plugins.
Preloading 0 native plugins for Editor in 0.00 ms.
Unloading 1820 Unused Serialized files (Serialized files now loaded: 0)
System memory in use before: 104.5 MB.
System memory in use after: 104.6 MB.

Unloading 8 unused Assets to reduce memory usage. Loaded Objects now: 2396.
Total: 2.042700 ms (FindLiveObjects: 0.327000 ms CreateObjectMapping: 0.084200 ms MarkObjects: 1.606700 ms  DeleteObjects: 0.023700 ms)

========================================================================
Received Prepare
Registering precompiled user dll's ...
Registered in 0.001130 seconds.
Begin MonoManager ReloadAssembly
Native extension for WindowsStandalone target not found
Refreshing native plugins compatible for Editor in 0.35 ms, found 1 plugins.
Preloading 0 native plugins for Editor in 0.00 ms.
Invoked RoslynAnalysisRunner static constructor.
RoslynAnalysisRunner will not be running.
RoslynAnalysisRunner has terminated.
Mono: successfully reloaded assembly
- Completed reload, in  0.860 seconds
Platform modules already initialized, skipping
Refreshing native plugins compatible for Editor in 0.43 ms, found 1 plugins.
Preloading 0 native plugins for Editor in 0.00 ms.
Unloading 1820 Unused Serialized files (Serialized files now loaded: 0)
System memory in use before: 104.5 MB.
System memory in use after: 104.6 MB.

Unloading 8 unused Assets to reduce memory usage. Loaded Objects now: 2399.
Total: 1.944200 ms (FindLiveObjects: 0.229300 ms CreateObjectMapping: 0.088500 ms MarkObjects: 1.580600 ms  DeleteObjects: 0.044600 ms)

========================================================================
Received Prepare
Registering precompiled user dll's ...
Registered in 0.001083 seconds.
Begin MonoManager ReloadAssembly
Native extension for WindowsStandalone target not found
Refreshing native plugins compatible for Editor in 0.40 ms, found 1 plugins.
Preloading 0 native plugins for Editor in 0.00 ms.
Invoked RoslynAnalysisRunner static constructor.
RoslynAnalysisRunner will not be running.
RoslynAnalysisRunner has terminated.
Mono: successfully reloaded assembly
- Completed reload, in  0.821 seconds
Platform modules already initialized, skipping
Refreshing native plugins compatible for Editor in 0.41 ms, found 1 plugins.
Preloading 0 native plugins for Editor in 0.00 ms.
Unloading 1820 Unused Serialized files (Serialized files now loaded: 0)
System memory in use before: 104.5 MB.
System memory in use after: 104.7 MB.

Unloading 8 unused Assets to reduce memory usage. Loaded Objects now: 2402.
Total: 1.959000 ms (FindLiveObjects: 0.188700 ms CreateObjectMapping: 0.068200 ms MarkObjects: 1.674800 ms  DeleteObjects: 0.026400 ms)

========================================================================
Received Prepare
Registering precompiled user dll's ...
Registered in 0.001414 seconds.
Begin MonoManager ReloadAssembly
Native extension for WindowsStandalone target not found
Refreshing native plugins compatible for Editor in 0.37 ms, found 1 plugins.
Preloading 0 native plugins for Editor in 0.00 ms.
Invoked RoslynAnalysisRunner static constructor.
RoslynAnalysisRunner will not be running.
RoslynAnalysisRunner has terminated.
Mono: successfully reloaded assembly
- Completed reload, in  0.849 seconds
Platform modules already initialized, skipping
Refreshing native plugins compatible for Editor in 0.34 ms, found 1 plugins.
Preloading 0 native plugins for Editor in 0.00 ms.
Unloading 1820 Unused Serialized files (Serialized files now loaded: 0)
System memory in use before: 104.5 MB.
System memory in use after: 104.7 MB.

Unloading 8 unused Assets to reduce memory usage. Loaded Objects now: 2405.
Total: 2.200300 ms (FindLiveObjects: 0.216300 ms CreateObjectMapping: 0.058200 ms MarkObjects: 1.877900 ms  DeleteObjects: 0.046900 ms)

========================================================================
Received Prepare
Registering precompiled user dll's ...
Registered in 0.001204 seconds.
Begin MonoManager ReloadAssembly
Native extension for WindowsStandalone target not found
Refreshing native plugins compatible for Editor in 0.42 ms, found 1 plugins.
Preloading 0 native plugins for Editor in 0.00 ms.
Invoked RoslynAnalysisRunner static constructor.
RoslynAnalysisRunner will not be running.
RoslynAnalysisRunner has terminated.
Mono: successfully reloaded assembly
- Completed reload, in  0.825 seconds
Platform modules already initialized, skipping
Refreshing native plugins compatible for Editor in 0.41 ms, found 1 plugins.
Preloading 0 native plugins for Editor in 0.00 ms.
Unloading 1820 Unused Serialized files (Serialized files now loaded: 0)
System memory in use before: 104.6 MB.
System memory in use after: 104.7 MB.

Unloading 8 unused Assets to reduce memory usage. Loaded Objects now: 2408.
Total: 2.059400 ms (FindLiveObjects: 0.187200 ms CreateObjectMapping: 0.059200 ms MarkObjects: 1.785600 ms  DeleteObjects: 0.026600 ms)

AssetImportWorkerClient::OnTransportError - code=2 error=End of file
