Using pre-set license
Built from '2020.3/release' branch; Version is '2020.3.2f1 (8fd9074bf66c) revision 9427207'; Using compiler version '192528614'; Build Type 'Release'
OS: 'Windows 10 Home; OS build 19041.928; Version 2004; 64bit' Language: 'fr' Physical Memory: 32709 MB
BatchMode: 1, IsHumanControllingUs: 0, StartBugReporterOnCrash: 0, Is64bit: 1, IsPro: 0

 COMMAND LINE ARGUMENTS:
D:\Logiciels\Unity\2020.3.2f1\Editor\Unity.exe
-adb2
-batchMode
-noUpm
-name
AssetImportWorker0
-projectPath
D:/Repos/CybeRTS
-logFile
Logs/AssetImportWorker0.log
-srvPort
62081
Successfully changed project path to: D:/Repos/CybeRTS
D:/Repos/CybeRTS
Using Asset Import Pipeline V2.
Refreshing native plugins compatible for Editor in 33.27 ms, found 1 plugins.
Preloading 0 native plugins for Editor in 0.00 ms.
Initialize engine version: 2020.3.2f1 (8fd9074bf66c)
[Subsystems] Discovering subsystems at path D:/Logiciels/Unity/2020.3.2f1/Editor/Data/Resources/UnitySubsystems
[Subsystems] Discovering subsystems at path D:/Repos/CybeRTS/Assets
GfxDevice: creating device client; threaded=0
Direct3D:
    Version:  Direct3D 11.0 [level 11.1]
    Renderer: NVIDIA GeForce GTX 1060 6GB (ID=0x1c03)
    Vendor:   
    VRAM:     6052 MB
    Driver:   27.21.14.6611
Initialize mono
Mono path[0] = 'D:/Logiciels/Unity/2020.3.2f1/Editor/Data/Managed'
Mono path[1] = 'D:/Logiciels/Unity/2020.3.2f1/Editor/Data/MonoBleedingEdge/lib/mono/unityjit'
Mono config path = 'D:/Logiciels/Unity/2020.3.2f1/Editor/Data/MonoBleedingEdge/etc'
Using monoOptions --debugger-agent=transport=dt_socket,embedding=1,server=y,suspend=n,address=127.0.0.1:56464
Begin MonoManager ReloadAssembly
Registering precompiled unity dll's ...
Register platform support module: D:/Logiciels/Unity/2020.3.2f1/Editor/Data/PlaybackEngines/WindowsStandaloneSupport/UnityEditor.WindowsStandalone.Extensions.dll
Registered in 0.002014 seconds.
Native extension for WindowsStandalone target not found
Refreshing native plugins compatible for Editor in 36.58 ms, found 1 plugins.
Preloading 0 native plugins for Editor in 0.00 ms.
Invoked RoslynAnalysisRunner static constructor.
RoslynAnalysisRunner will not be running.
RoslynAnalysisRunner has terminated.
Mono: successfully reloaded assembly
- Completed reload, in  1.424 seconds
Platform modules already initialized, skipping
Registering precompiled user dll's ...
Registered in 0.001154 seconds.
Begin MonoManager ReloadAssembly
Native extension for WindowsStandalone target not found
Refreshing native plugins compatible for Editor in 33.41 ms, found 1 plugins.
Preloading 0 native plugins for Editor in 0.00 ms.
Invoked RoslynAnalysisRunner static constructor.
RoslynAnalysisRunner will not be running.
RoslynAnalysisRunner has terminated.
Mono: successfully reloaded assembly
- Completed reload, in  0.930 seconds
Platform modules already initialized, skipping
========================================================================
Worker process is ready to serve import requests
Launched and connected shader compiler UnityShaderCompiler.exe after 0.04 seconds
Refreshing native plugins compatible for Editor in 0.39 ms, found 1 plugins.
Preloading 0 native plugins for Editor in 0.00 ms.
Unloading 1823 Unused Serialized files (Serialized files now loaded: 0)
System memory in use before: 104.5 MB.
System memory in use after: 104.7 MB.

Unloading 18 unused Assets to reduce memory usage. Loaded Objects now: 2296.
Total: 2.456600 ms (FindLiveObjects: 0.419800 ms CreateObjectMapping: 0.213200 ms MarkObjects: 1.802900 ms  DeleteObjects: 0.019700 ms)

========================================================================
Received Import Request.
  path: Assets/Prefabs/Node.prefab
  artifactKey: Guid(0d30d00c7cc55a243981ffc951bbff77) Importer(815301076,1909f56bfc062723c751e8b465ee728b)
Start importing Assets/Prefabs/Node.prefab using Guid(0d30d00c7cc55a243981ffc951bbff77) Importer(815301076,1909f56bfc062723c751e8b465ee728b)  -> (artifact id: 'd9f0acff49623cdfb7a089a1ba25b147') in 0.066812 seconds
  Import took 0.083424 seconds .

========================================================================
Received Import Request.
  Time since last request: 1.124159 seconds.
  path: Assets/Prefabs/Node.prefab
  artifactKey: Guid(0d30d00c7cc55a243981ffc951bbff77) Importer(815301076,1909f56bfc062723c751e8b465ee728b)
Start importing Assets/Prefabs/Node.prefab using Guid(0d30d00c7cc55a243981ffc951bbff77) Importer(815301076,1909f56bfc062723c751e8b465ee728b)  -> (artifact id: 'ce968f58a6a5914497c7c82d048ef077') in 0.005758 seconds
  Import took 0.021878 seconds .

========================================================================
Received Import Request.
  Time since last request: 3.983699 seconds.
  path: Assets/Prefabs/Node.prefab
  artifactKey: Guid(0d30d00c7cc55a243981ffc951bbff77) Importer(815301076,1909f56bfc062723c751e8b465ee728b)
Start importing Assets/Prefabs/Node.prefab using Guid(0d30d00c7cc55a243981ffc951bbff77) Importer(815301076,1909f56bfc062723c751e8b465ee728b)  -> (artifact id: 'fcf936ff840b90c9100771601dcccac2') in 0.005400 seconds
  Import took 0.009377 seconds .

========================================================================
Received Prepare
Registering precompiled user dll's ...
Registered in 0.001135 seconds.
Begin MonoManager ReloadAssembly
Native extension for WindowsStandalone target not found
Refreshing native plugins compatible for Editor in 0.44 ms, found 1 plugins.
Preloading 0 native plugins for Editor in 0.00 ms.
Invoked RoslynAnalysisRunner static constructor.
RoslynAnalysisRunner will not be running.
RoslynAnalysisRunner has terminated.
Mono: successfully reloaded assembly
- Completed reload, in  0.918 seconds
Platform modules already initialized, skipping
Refreshing native plugins compatible for Editor in 0.35 ms, found 1 plugins.
Preloading 0 native plugins for Editor in 0.00 ms.
Unloading 1813 Unused Serialized files (Serialized files now loaded: 0)
System memory in use before: 104.1 MB.
System memory in use after: 104.2 MB.

Unloading 8 unused Assets to reduce memory usage. Loaded Objects now: 2299.
Total: 2.317900 ms (FindLiveObjects: 0.232500 ms CreateObjectMapping: 0.145800 ms MarkObjects: 1.914900 ms  DeleteObjects: 0.023500 ms)

========================================================================
Received Import Request.
  Time since last request: 35.869152 seconds.
  path: Assets/Prefabs/Node.prefab
  artifactKey: Guid(0d30d00c7cc55a243981ffc951bbff77) Importer(815301076,1909f56bfc062723c751e8b465ee728b)
Start importing Assets/Prefabs/Node.prefab using Guid(0d30d00c7cc55a243981ffc951bbff77) Importer(815301076,1909f56bfc062723c751e8b465ee728b)  -> (artifact id: 'daaa43cba3dbd43732be98e661d97586') in 0.027094 seconds
  Import took 0.053280 seconds .

========================================================================
Received Import Request.
  Time since last request: 87.289388 seconds.
  path: ProjectSettings/TagManager.asset
  artifactKey: Guid(00000000000000003000000000000000) Importer(815301076,1909f56bfc062723c751e8b465ee728b)
Start importing ProjectSettings/TagManager.asset using Guid(00000000000000003000000000000000) Importer(815301076,1909f56bfc062723c751e8b465ee728b)  -> (artifact id: '5187126b315f9ff4c3edc45da8f2c6de') in 0.008382 seconds
  Import took 0.015139 seconds .

========================================================================
Received Import Request.
  Time since last request: 17.470215 seconds.
  path: Assets/Resources/NodeLink.prefab
  artifactKey: Guid(83da7fe50d3a82b489535fc64924c661) Importer(815301076,1909f56bfc062723c751e8b465ee728b)
Start importing Assets/Resources/NodeLink.prefab using Guid(83da7fe50d3a82b489535fc64924c661) Importer(815301076,1909f56bfc062723c751e8b465ee728b)  -> (artifact id: '71890aa7b4ce5e3d20255f23a3fda4b8') in 0.022846 seconds
  Import took 0.050883 seconds .

========================================================================
Received Prepare
Registering precompiled user dll's ...
Registered in 0.001073 seconds.
Begin MonoManager ReloadAssembly
Native extension for WindowsStandalone target not found
Refreshing native plugins compatible for Editor in 0.36 ms, found 1 plugins.
Preloading 0 native plugins for Editor in 0.00 ms.
Invoked RoslynAnalysisRunner static constructor.
RoslynAnalysisRunner will not be running.
RoslynAnalysisRunner has terminated.
Mono: successfully reloaded assembly
- Completed reload, in  0.851 seconds
Platform modules already initialized, skipping
Refreshing native plugins compatible for Editor in 0.38 ms, found 1 plugins.
Preloading 0 native plugins for Editor in 0.00 ms.
Unloading 1813 Unused Serialized files (Serialized files now loaded: 0)
System memory in use before: 104.1 MB.
System memory in use after: 104.2 MB.

Unloading 9 unused Assets to reduce memory usage. Loaded Objects now: 2302.
Total: 1.860400 ms (FindLiveObjects: 0.187800 ms CreateObjectMapping: 0.064600 ms MarkObjects: 1.592300 ms  DeleteObjects: 0.014800 ms)

========================================================================
Received Import Request.
  Time since last request: 29.835195 seconds.
  path: Assets/Prefabs/Node.prefab
  artifactKey: Guid(0d30d00c7cc55a243981ffc951bbff77) Importer(815301076,1909f56bfc062723c751e8b465ee728b)
Start importing Assets/Prefabs/Node.prefab using Guid(0d30d00c7cc55a243981ffc951bbff77) Importer(815301076,1909f56bfc062723c751e8b465ee728b)  -> (artifact id: '90e6e5a2b35139d65d36634c85dfabce') in 0.023701 seconds
  Import took 0.026829 seconds .

========================================================================
Received Import Request.
  Time since last request: 5.325895 seconds.
  path: Assets/Resources/NodeLink.prefab
  artifactKey: Guid(83da7fe50d3a82b489535fc64924c661) Importer(815301076,1909f56bfc062723c751e8b465ee728b)
Start importing Assets/Resources/NodeLink.prefab using Guid(83da7fe50d3a82b489535fc64924c661) Importer(815301076,1909f56bfc062723c751e8b465ee728b)  -> (artifact id: 'c8d3cf93b736696ae16cec361e0c5a0a') in 0.005001 seconds
  Import took 0.008198 seconds .

========================================================================
Received Prepare
Registering precompiled user dll's ...
Registered in 0.001423 seconds.
Begin MonoManager ReloadAssembly
Native extension for WindowsStandalone target not found
Refreshing native plugins compatible for Editor in 0.35 ms, found 1 plugins.
Preloading 0 native plugins for Editor in 0.00 ms.
Invoked RoslynAnalysisRunner static constructor.
RoslynAnalysisRunner will not be running.
RoslynAnalysisRunner has terminated.
Mono: successfully reloaded assembly
- Completed reload, in  0.848 seconds
Platform modules already initialized, skipping
Refreshing native plugins compatible for Editor in 0.37 ms, found 1 plugins.
Preloading 0 native plugins for Editor in 0.00 ms.
Unloading 1813 Unused Serialized files (Serialized files now loaded: 0)
System memory in use before: 104.1 MB.
System memory in use after: 104.2 MB.

Unloading 8 unused Assets to reduce memory usage. Loaded Objects now: 2305.
Total: 1.902000 ms (FindLiveObjects: 0.200200 ms CreateObjectMapping: 0.068800 ms MarkObjects: 1.617800 ms  DeleteObjects: 0.014200 ms)

========================================================================
Received Import Request.
  Time since last request: 40.901038 seconds.
  path: Assets/Scripts/Camera
  artifactKey: Guid(ee355721349ad6945a75e2c3c6416d74) Importer(815301076,1909f56bfc062723c751e8b465ee728b)
Start importing Assets/Scripts/Camera using Guid(ee355721349ad6945a75e2c3c6416d74) Importer(815301076,1909f56bfc062723c751e8b465ee728b)  -> (artifact id: 'c25fd482bab493bfedb020bdf03ff269') in 0.010525 seconds
  Import took 0.033816 seconds .

========================================================================
Received Import Request.
  Time since last request: 0.965858 seconds.
  path: Assets/Scripts/CameraZooming.cs
  artifactKey: Guid(4a0c18e2789c7014896702b5a3386f06) Importer(815301076,1909f56bfc062723c751e8b465ee728b)
Start importing Assets/Scripts/CameraZooming.cs using Guid(4a0c18e2789c7014896702b5a3386f06) Importer(815301076,1909f56bfc062723c751e8b465ee728b)  -> (artifact id: '202922425cd1dafa873ef9bea88a0983') in 0.009822 seconds
  Import took 0.013551 seconds .

========================================================================
Received Import Request.
  Time since last request: 0.462335 seconds.
  path: Assets/Scripts/CameraDrag.cs
  artifactKey: Guid(224eddfe72a1ade4ba1c5d1ec84e9081) Importer(815301076,1909f56bfc062723c751e8b465ee728b)
Start importing Assets/Scripts/CameraDrag.cs using Guid(224eddfe72a1ade4ba1c5d1ec84e9081) Importer(815301076,1909f56bfc062723c751e8b465ee728b)  -> (artifact id: 'a4b320c80473b28e892d6a6721821afe') in 0.007137 seconds
  Import took 0.018421 seconds .

========================================================================
Received Import Request.
  Time since last request: 0.000652 seconds.
  path: Assets/Scripts/CameraDrag.cs
  artifactKey: Guid(224eddfe72a1ade4ba1c5d1ec84e9081) Importer(815301076,1909f56bfc062723c751e8b465ee728b)
Start importing Assets/Scripts/CameraDrag.cs using Guid(224eddfe72a1ade4ba1c5d1ec84e9081) Importer(815301076,1909f56bfc062723c751e8b465ee728b)  -> (artifact id: 'a4b320c80473b28e892d6a6721821afe') in 0.002142 seconds
  Import took 0.005185 seconds .

========================================================================
Received Prepare
Registering precompiled user dll's ...
Registered in 0.001149 seconds.
Begin MonoManager ReloadAssembly
Native extension for WindowsStandalone target not found
Refreshing native plugins compatible for Editor in 0.38 ms, found 1 plugins.
Preloading 0 native plugins for Editor in 0.00 ms.
Invoked RoslynAnalysisRunner static constructor.
RoslynAnalysisRunner will not be running.
RoslynAnalysisRunner has terminated.
Mono: successfully reloaded assembly
- Completed reload, in  0.857 seconds
Platform modules already initialized, skipping
Refreshing native plugins compatible for Editor in 0.38 ms, found 1 plugins.
Preloading 0 native plugins for Editor in 0.00 ms.
Unloading 1813 Unused Serialized files (Serialized files now loaded: 0)
System memory in use before: 104.1 MB.
System memory in use after: 104.3 MB.

Unloading 8 unused Assets to reduce memory usage. Loaded Objects now: 2308.
Total: 2.311400 ms (FindLiveObjects: 0.254300 ms CreateObjectMapping: 0.157500 ms MarkObjects: 1.860400 ms  DeleteObjects: 0.038300 ms)

AssetImportWorkerClient::OnTransportError - code=2 error=End of file
